<?xml version="1.0" encoding="UTF-8"?>
<robot generator="Robot 5.0.1 (Python 3.10.1 on win32)" generated="20220624 01:18:36.924" rpa="false" schemaversion="3">
<suite id="s1" name="Base" source="D:\Desktop\Teste Api ServeRest\base.robot">
<test id="s1-t1" name="Cenario: GET Todos os usuarios 200" line="7">
<kw name="Criar Sessao">
<kw name="Create Session" library="RequestsLibrary">
<arg>serverest</arg>
<arg>http://localhost:3000</arg>
<doc>Create Session: create a HTTP session to a server</doc>
<msg timestamp="20220624 01:18:37.068" level="INFO">Creating Session using : alias=serverest, url=http://localhost:3000, headers={},                     cookies={}, auth=None, timeout=None, proxies=None, verify=False,                     debug=0 </msg>
<status status="PASS" starttime="20220624 01:18:37.068" endtime="20220624 01:18:37.069"/>
</kw>
<status status="PASS" starttime="20220624 01:18:37.068" endtime="20220624 01:18:37.069"/>
</kw>
<kw name="GET Endpoint /usuarios">
<kw name="GET On Session" library="RequestsLibrary">
<var>${response}</var>
<arg>serverest</arg>
<arg>/usuarios</arg>
<doc>Sends a GET request on a previously created HTTP Session.</doc>
<msg timestamp="20220624 01:18:37.088" level="INFO">GET Request : url=http://localhost:3000/usuarios 
 path_url=/usuarios 
 headers={'User-Agent': 'python-requests/2.28.0', 'Accept-Encoding': 'gzip, deflate', 'Accept': '*/*', 'Connection': 'keep-alive'} 
 body=None 
 </msg>
<msg timestamp="20220624 01:18:37.089" level="INFO">GET Response : url=http://localhost:3000/usuarios 
 status=200, reason=OK 
 headers={'Access-Control-Allow-Origin': '*', 'x-dns-prefetch-control': 'off', 'x-frame-options': 'SAMEORIGIN', 'strict-transport-security': 'max-age=15552000; includeSubDomains', 'x-download-options': 'noopen', 'x-content-type-options': 'nosniff', 'x-xss-protection': '1; mode=block', 'x-moesif-transaction-id': 'baacf90e-5994-4091-b335-044b56ba44b9', 'Content-Type': 'application/json; charset=utf-8', 'Content-Length': '253', 'Date': 'Fri, 24 Jun 2022 04:18:37 GMT', 'Connection': 'keep-alive', 'Keep-Alive': 'timeout=5'} 
 body={
    "quantidade": 1,
    "usuarios": [
        {
            "nome": "Fulano da Silva",
            "email": "fulano@qa.com",
            "password": "teste",
            "administrador": "true",
            "_id": "0uxuPY0cbmQhpEz1"
        }
    ]
} 
 </msg>
<msg timestamp="20220624 01:18:37.089" level="INFO">${response} = &lt;Response [200]&gt;</msg>
<status status="PASS" starttime="20220624 01:18:37.071" endtime="20220624 01:18:37.089"/>
</kw>
<kw name="Set Global Variable" library="BuiltIn">
<arg>${response}</arg>
<doc>Makes a variable available globally in all tests and suites.</doc>
<msg timestamp="20220624 01:18:37.090" level="INFO">${response} = &lt;Response [200]&gt;</msg>
<status status="PASS" starttime="20220624 01:18:37.089" endtime="20220624 01:18:37.091"/>
</kw>
<status status="PASS" starttime="20220624 01:18:37.071" endtime="20220624 01:18:37.091"/>
</kw>
<kw name="Validar Status Code &quot;200&quot;" sourcename="Validar Status Code &quot;${statuscode}&quot;">
<kw name="Should Be True" library="BuiltIn">
<arg>${response.status_code} == ${statuscode}</arg>
<doc>Fails if the given condition is not true.</doc>
<status status="PASS" starttime="20220624 01:18:37.092" endtime="20220624 01:18:37.093"/>
</kw>
<status status="PASS" starttime="20220624 01:18:37.091" endtime="20220624 01:18:37.093"/>
</kw>
<status status="PASS" starttime="20220624 01:18:37.067" endtime="20220624 01:18:37.094"/>
</test>
<test id="s1-t2" name="Cenario: POST Cadastrar usuario 201" line="12">
<kw name="Criar Sessao">
<kw name="Create Session" library="RequestsLibrary">
<arg>serverest</arg>
<arg>http://localhost:3000</arg>
<doc>Create Session: create a HTTP session to a server</doc>
<msg timestamp="20220624 01:18:37.096" level="INFO">Creating Session using : alias=serverest, url=http://localhost:3000, headers={},                     cookies={}, auth=None, timeout=None, proxies=None, verify=False,                     debug=0 </msg>
<status status="PASS" starttime="20220624 01:18:37.096" endtime="20220624 01:18:37.096"/>
</kw>
<status status="PASS" starttime="20220624 01:18:37.095" endtime="20220624 01:18:37.096"/>
</kw>
<kw name="POST Endpoint /usuarios">
<kw name="Create Dictionary" library="BuiltIn">
<var>&amp;{payload}</var>
<arg>nome=william freitas</arg>
<arg>email=william@gmail.com</arg>
<arg>password=12345</arg>
<arg>administrador=true</arg>
<doc>Creates and returns a dictionary based on the given ``items``.</doc>
<msg timestamp="20220624 01:18:37.098" level="INFO">&amp;{payload} = { nome=william freitas | email=william@gmail.com | password=12345 | administrador=true }</msg>
<status status="PASS" starttime="20220624 01:18:37.097" endtime="20220624 01:18:37.098"/>
</kw>
<kw name="POST On Session" library="RequestsLibrary">
<var>${response}</var>
<arg>serverest</arg>
<arg>/usuarios</arg>
<arg>data=&amp;{payload}</arg>
<doc>Sends a POST request on a previously created HTTP Session.</doc>
<msg timestamp="20220624 01:18:37.116" level="INFO">POST Request : url=http://localhost:3000/usuarios 
 path_url=/usuarios 
 headers={'User-Agent': 'python-requests/2.28.0', 'Accept-Encoding': 'gzip, deflate', 'Accept': '*/*', 'Connection': 'keep-alive', 'Content-Length': '80', 'Content-Type': 'application/x-www-form-urlencoded'} 
 body=nome=william+freitas&amp;email=william%40gmail.com&amp;password=12345&amp;administrador=true 
 </msg>
<msg timestamp="20220624 01:18:37.117" level="INFO">POST Response : url=http://localhost:3000/usuarios 
 status=201, reason=Created 
 headers={'Access-Control-Allow-Origin': '*', 'x-dns-prefetch-control': 'off', 'x-frame-options': 'SAMEORIGIN', 'strict-transport-security': 'max-age=15552000; includeSubDomains', 'x-download-options': 'noopen', 'x-content-type-options': 'nosniff', 'x-xss-protection': '1; mode=block', 'x-moesif-transaction-id': '97ab3a66-9c87-42c7-98cf-43db0af74bbe', 'Content-Type': 'application/json; charset=utf-8', 'Content-Length': '82', 'Date': 'Fri, 24 Jun 2022 04:18:37 GMT', 'Connection': 'keep-alive', 'Keep-Alive': 'timeout=5'} 
 body={
    "message": "Cadastro realizado com sucesso",
    "_id": "zfCCAA8lBwGVEAhU"
} 
 </msg>
<msg timestamp="20220624 01:18:37.117" level="INFO">${response} = &lt;Response [201]&gt;</msg>
<status status="PASS" starttime="20220624 01:18:37.099" endtime="20220624 01:18:37.117"/>
</kw>
<kw name="Log To Console" library="BuiltIn">
<arg>Response: ${response.content}</arg>
<doc>Logs the given message to the console.</doc>
<status status="PASS" starttime="20220624 01:18:37.117" endtime="20220624 01:18:37.126"/>
</kw>
<kw name="Set Global Variable" library="BuiltIn">
<arg>${response}</arg>
<doc>Makes a variable available globally in all tests and suites.</doc>
<msg timestamp="20220624 01:18:37.127" level="INFO">${response} = &lt;Response [201]&gt;</msg>
<status status="PASS" starttime="20220624 01:18:37.127" endtime="20220624 01:18:37.128"/>
</kw>
<status status="PASS" starttime="20220624 01:18:37.097" endtime="20220624 01:18:37.128"/>
</kw>
<kw name="Validar Status Code &quot;201&quot;" sourcename="Validar Status Code &quot;${statuscode}&quot;">
<kw name="Should Be True" library="BuiltIn">
<arg>${response.status_code} == ${statuscode}</arg>
<doc>Fails if the given condition is not true.</doc>
<status status="PASS" starttime="20220624 01:18:37.129" endtime="20220624 01:18:37.130"/>
</kw>
<status status="PASS" starttime="20220624 01:18:37.128" endtime="20220624 01:18:37.130"/>
</kw>
<status status="PASS" starttime="20220624 01:18:37.095" endtime="20220624 01:18:37.131"/>
</test>
<doc>Arquivo simples para requisições HTTP em APIs</doc>
<status status="PASS" starttime="20220624 01:18:36.926" endtime="20220624 01:18:37.138"/>
</suite>
<statistics>
<total>
<stat pass="2" fail="0" skip="0">All Tests</stat>
</total>
<tag>
</tag>
<suite>
<stat pass="2" fail="0" skip="0" id="s1" name="Base">Base</stat>
</suite>
</statistics>
<errors>
</errors>
</robot>
